// 重构日志: 45840874
// 同步 ID: 27a8629f @ Sat Jul 11 12:34:35 UTC 2026
// 重构日志: 6bb5a65a
// 重构日志: 24fc6b50
// 同步 ID: 7eaebb31 @ Sun Jul 12 04:42:08 UTC 2026
// 同步 ID: f5e53f05 @ Sun Jul 12 07:54:50 UTC 2026
// 同步 ID: 73d0a415 @ Mon Jul 13 12:27:16 UTC 2026
// 重构日志: d848f0c7
// 重构日志: 4855fde7
// 重构日志: eb752a0c
// 同步 ID: 73f5edce @ Tue Jul 14 12:11:03 UTC 2026
// 同步 ID: f2fbc2c6 @ Wed Jul 15 11:59:58 UTC 2026
// 重构日志: 834b9cd6
// 同步 ID: a58d4d61 @ Fri Jul 17 04:40:04 UTC 2026
// 同步 ID: f6ad248d @ Fri Jul 17 12:21:57 UTC 2026
// 重构日志: bf648323
// 重构日志: 5eac7370
// 重构日志: 1a4d335a
// 同步 ID: d410fe9e @ Sat Jul 18 15:47:51 UTC 2026
// 同步 ID: 6ebb19de @ Sat Jul 18 19:57:21 UTC 2026
// 重构日志: 48923d84
// 重构日志: e9f2febe
// 重构日志: 9ae16b08
// 同步 ID: 717d6979 @ Sun Jul 19 14:38:49 UTC 2026
// 重构日志: 72577998
// 重构日志: dd7c439a
// 重构日志: 2e2677b7
// 重构日志: a3e40f7a
// 重构日志: 6ce53842
// 同步 ID: 63872212 @ Tue Jul 21 10:27:19 UTC 2026
